#
# A fatal error has been detected by the Java Runtime Environment:
#
#  EXCEPTION_ACCESS_VIOLATION (0xc0000005) at pc=0xffffffffa35f5120, pid=6280, tid=996
#
# JRE version: Java(TM) SE Runtime Environment (8.0_66-b18) (build 1.8.0_66-b18)
# Java VM: Java HotSpot(TM) 64-Bit Server VM (25.66-b18 mixed mode windows-amd64 compressed oops)
# Problematic frame:
# C  0xffffffffa35f5120
#
# Failed to write core dump. Minidumps are not enabled by default on client versions of Windows
#
# If you would like to submit a bug report, please visit:
#   http://bugreport.java.com/bugreport/crash.jsp
#

---------------  T H R E A D  ---------------

Current thread (0x0000000001ebe000):  JavaThread "main" [_thread_in_Java, id=996, stack(0x0000000002220000,0x0000000002320000)]

siginfo: ExceptionCode=0xc0000005, ExceptionInformation=0x0000000000000008 0xffffffffa35f5120

Registers:
RAX=0x00000000142dc098, RBX=0x00000000547a5018, RCX=0x0000000081000011, RDX=0x00000000c0c24c98
RSP=0x000000000231eee8, RBP=0x000000000231f080, RSI=0x00000000c0c24c98, RDI=0x00000000142dbbe8
R8 =0x00000000eeed6850, R9 =0x0000000001eb8a70, R10=0x000000000000004c, R11=0x00000000ee733798
R12=0x0000000000000000, R13=0x00000000030e94ec, R14=0x000000000231eee0, R15=0x0000000001ebe000
RIP=0xffffffffa35f5120, EFLAGS=0x0000000000010246

Top of Stack: (sp=0x000000000231eee8)
0x000000000231eee8:   00000000030e94ec 000000000231ef78
0x000000000231eef8:   00000000025f7a01 000000000231ef68
0x000000000231ef08:   00000000025f7a01 0000000000000004
0x000000000231ef18:   000000000002d754 00000000eeee3260
0x000000000231ef28:   0000000000000000 00000000eeed6850
0x000000000231ef38:   000000000231ef38 00000000548e6c37
0x000000000231ef48:   000000000231efb8 00000000548e7cc8
0x000000000231ef58:   c0918b4000000000 000000000231f0a0
0x000000000231ef68:   0000000002f78904 00000000c0baf960
0x000000000231ef78:   00000000eeed6850 00000000ee733780
0x000000000231ef88:   0002d7680000004c 00000000c0b64b68
0x000000000231ef98:   000000410002d754 00000000c0c24c98
0x000000000231efa8:   0000000100000002 000000000231f0a0
0x000000000231efb8:   0000000002ace444 00000000c0c24800
0x000000000231efc8:   00000000027fb534 000000000231f0a0
0x000000000231efd8:   00000000030e877c 000000000231f080 

Instructions: (pc=0xffffffffa35f5120)
0xffffffffa35f5100:   
[error occurred during error reporting (printing registers, top of stack, instructions near pc), id 0xc0000005]

Register to memory mapping:

RAX=0x00000000142dc098 is pointing into metadata
RBX={method} {0x00000000547a5020} 'writeTo' '(Lcom/android/dx/util/AnnotatedOutput;)V' in 'com/android/dx/dex/code/ZeroSizeInsn'
RCX=0x0000000081000011 is an unknown value
RDX=0x00000000c0c24c98 is an oop
com.android.dx.dex.code.CodeAddress 
 - klass: 'com/android/dx/dex/code/CodeAddress'
RSP=0x000000000231eee8 is pointing into the stack for thread: 0x0000000001ebe000
RBP=0x000000000231f080 is pointing into the stack for thread: 0x0000000001ebe000
RSI=0x00000000c0c24c98 is an oop
com.android.dx.dex.code.CodeAddress 
 - klass: 'com/android/dx/dex/code/CodeAddress'
RDI=0x00000000142dbbe8 is pointing into metadata
R8 =0x00000000eeed6850 is an oop
com.android.dx.util.ByteArrayAnnotatedOutput 
 - klass: 'com/android/dx/util/ByteArrayAnnotatedOutput'
R9 =0x0000000001eb8a70 is an unknown value
R10=0x000000000000004c is an unknown value
R11=0x00000000ee733798 is an oop
[Ljava.lang.Object; 
 - klass: 'java/lang/Object'[]
 - length: 76
R12=0x0000000000000000 is an unknown value
R13=0x00000000030e94ec is at entry_point+972 in (nmethod*)0x00000000030e8e10
R14=0x000000000231eee0 is pointing into the stack for thread: 0x0000000001ebe000
R15=0x0000000001ebe000 is a thread


Stack: [0x0000000002220000,0x0000000002320000],  sp=0x000000000231eee8,  free space=1019k
Native frames: (J=compiled Java code, j=interpreted, Vv=VM code, C=native code)
C  0xffffffffa35f5120


---------------  P R O C E S S  ---------------

Java Threads: ( => current thread )
  0x0000000055ed1800 JavaThread "Service Thread" daemon [_thread_blocked, id=6232, stack(0x0000000055a20000,0x0000000055b20000)]
  0x0000000054c47000 JavaThread "C1 CompilerThread1" daemon [_thread_blocked, id=4416, stack(0x0000000055dd0000,0x0000000055ed0000)]
  0x0000000054bea800 JavaThread "C2 CompilerThread0" daemon [_thread_blocked, id=6436, stack(0x0000000055cc0000,0x0000000055dc0000)]
  0x0000000054be8800 JavaThread "Attach Listener" daemon [_thread_blocked, id=3468, stack(0x0000000055b60000,0x0000000055c60000)]
  0x0000000054be7000 JavaThread "Signal Dispatcher" daemon [_thread_blocked, id=5144, stack(0x00000000558f0000,0x00000000559f0000)]
  0x0000000054b8e000 JavaThread "Finalizer" daemon [_thread_blocked, id=5924, stack(0x0000000055770000,0x0000000055870000)]
  0x0000000054b85000 JavaThread "Reference Handler" daemon [_thread_blocked, id=5928, stack(0x0000000055580000,0x0000000055680000)]
=>0x0000000001ebe000 JavaThread "main" [_thread_in_Java, id=996, stack(0x0000000002220000,0x0000000002320000)]

Other Threads:
  0x0000000054b7f000 VMThread [stack: 0x00000000553c0000,0x00000000554c0000] [id=6872]
  0x0000000055ee5800 WatcherThread [stack: 0x0000000056410000,0x0000000056510000] [id=1328]

VM state:synchronizing (normal execution)

VM Mutex/Monitor currently owned by a thread:  ([mutex/lock_event])
[0x0000000001ebc880] Safepoint_lock - owner thread: 0x0000000054b7f000
[0x0000000001ebc900] Threads_lock - owner thread: 0x0000000054b7f000

Heap:
 PSYoungGen      total 110592K, used 76090K [0x00000000eab00000, 0x00000000f9200000, 0x0000000100000000)
  eden space 97792K, 71% used [0x00000000eab00000,0x00000000eef677a8,0x00000000f0a80000)
  from space 12800K, 47% used [0x00000000f0a80000,0x00000000f10673a8,0x00000000f1700000)
  to   space 20480K, 0% used [0x00000000f7e00000,0x00000000f7e00000,0x00000000f9200000)
 ParOldGen       total 62976K, used 32274K [0x00000000c0000000, 0x00000000c3d80000, 0x00000000eab00000)
  object space 62976K, 51% used [0x00000000c0000000,0x00000000c1f84b58,0x00000000c3d80000)
 Metaspace       used 6898K, capacity 7640K, committed 7936K, reserved 1056768K
  class space    used 627K, capacity 656K, committed 768K, reserved 1048576K

Card table byte_map: [0x00000000119b0000,0x0000000011bc0000] byte_map_base: 0x00000000113b0000

Marking Bits: (ParMarkBitMap*) 0x000000006d6aa5b0
 Begin Bits: [0x0000000012050000, 0x0000000013050000)
 End Bits:   [0x0000000013050000, 0x0000000014050000)

Polling page: 0x0000000000110000

CodeCache: size=245760Kb used=11343Kb max_used=11354Kb free=234416Kb
 bounds [0x00000000025f0000, 0x0000000003120000, 0x00000000115f0000]
 total_blobs=2713 nmethods=2444 adapters=183
 compilation: enabled

Compilation events (10 events):
Event: 32.825 Thread 0x0000000054bea800 nmethod 2630 0x0000000003101f90 code [0x00000000031020e0, 0x00000000031021b8]
Event: 32.825 Thread 0x0000000054bea800 2514       4       com.android.dx.rop.cst.CstType::hashCode (8 bytes)
Event: 32.829 Thread 0x0000000054bea800 nmethod 2514 0x0000000003101b90 code [0x0000000003101ce0, 0x0000000003101e58]
Event: 32.829 Thread 0x0000000054bea800 2671       4       com.android.dx.rop.code.RegisterSpecList::<init> (6 bytes)
Event: 32.831 Thread 0x0000000054bea800 nmethod 2671 0x0000000003101810 code [0x0000000003101960, 0x0000000003101a98]
Event: 32.831 Thread 0x0000000054bea800 2546       4       com.android.dx.rop.type.StdTypeList::getType (6 bytes)
Event: 32.832 Thread 0x0000000054bea800 nmethod 2546 0x0000000003101490 code [0x00000000031015e0, 0x0000000003101698]
Event: 32.832 Thread 0x0000000054bea800 2474       4       com.android.dx.dex.file.Section::throwIfPrepared (18 bytes)
Event: 32.832 Thread 0x0000000054bea800 nmethod 2474 0x00000000027c4410 code [0x00000000027c4540, 0x00000000027c45b8]
Event: 32.832 Thread 0x0000000054bea800 2779       4       com.android.dx.dex.code.LocalList$MakeState::snapshot (110 bytes)

GC Heap History (10 events):
Event: 10.308 GC heap before
{Heap before GC invocations=4 (full 0):
 PSYoungGen      total 26624K, used 26592K [0x00000000eab00000, 0x00000000edf00000, 0x0000000100000000)
  eden space 24576K, 100% used [0x00000000eab00000,0x00000000ec300000,0x00000000ec300000)
  from space 2048K, 98% used [0x00000000ec300000,0x00000000ec4f8010,0x00000000ec500000)
  to   space 2048K, 0% used [0x00000000edd00000,0x00000000edd00000,0x00000000edf00000)
 ParOldGen       total 32768K, used 4749K [0x00000000c0000000, 0x00000000c2000000, 0x00000000eab00000)
  object space 32768K, 14% used [0x00000000c0000000,0x00000000c04a36a8,0x00000000c2000000)
 Metaspace       used 6172K, capacity 7024K, committed 7296K, reserved 1056768K
  class space    used 596K, capacity 616K, committed 640K, reserved 1048576K
Event: 10.429 GC heap after
Heap after GC invocations=4 (full 0):
 PSYoungGen      total 51200K, used 2048K [0x00000000eab00000, 0x00000000edf00000, 0x0000000100000000)
  eden space 49152K, 0% used [0x00000000eab00000,0x00000000eab00000,0x00000000edb00000)
  from space 2048K, 100% used [0x00000000edd00000,0x00000000edf00000,0x00000000edf00000)
  to   space 2048K, 0% used [0x00000000edb00000,0x00000000edb00000,0x00000000edd00000)
 ParOldGen       total 32768K, used 8344K [0x00000000c0000000, 0x00000000c2000000, 0x00000000eab00000)
  object space 32768K, 25% used [0x00000000c0000000,0x00000000c08261f8,0x00000000c2000000)
 Metaspace       used 6172K, capacity 7024K, committed 7296K, reserved 1056768K
  class space    used 596K, capacity 616K, committed 640K, reserved 1048576K
}
Event: 16.725 GC heap before
{Heap before GC invocations=5 (full 0):
 PSYoungGen      total 51200K, used 51200K [0x00000000eab00000, 0x00000000edf00000, 0x0000000100000000)
  eden space 49152K, 100% used [0x00000000eab00000,0x00000000edb00000,0x00000000edb00000)
  from space 2048K, 100% used [0x00000000edd00000,0x00000000edf00000,0x00000000edf00000)
  to   space 2048K, 0% used [0x00000000edb00000,0x00000000edb00000,0x00000000edd00000)
 ParOldGen       total 32768K, used 8344K [0x00000000c0000000, 0x00000000c2000000, 0x00000000eab00000)
  object space 32768K, 25% used [0x00000000c0000000,0x00000000c08261f8,0x00000000c2000000)
 Metaspace       used 6333K, capacity 7152K, committed 7296K, reserved 1056768K
  class space    used 601K, capacity 616K, committed 640K, reserved 1048576K
Event: 16.789 GC heap after
Heap after GC invocations=5 (full 0):
 PSYoungGen      total 51200K, used 2030K [0x00000000eab00000, 0x00000000f2300000, 0x0000000100000000)
  eden space 49152K, 0% used [0x00000000eab00000,0x00000000eab00000,0x00000000edb00000)
  from space 2048K, 99% used [0x00000000edb00000,0x00000000edcfb890,0x00000000edd00000)
  to   space 12288K, 0% used [0x00000000f1700000,0x00000000f1700000,0x00000000f2300000)
 ParOldGen       total 32768K, used 17486K [0x00000000c0000000, 0x00000000c2000000, 0x00000000eab00000)
  object space 32768K, 53% used [0x00000000c0000000,0x00000000c1113bb0,0x00000000c2000000)
 Metaspace       used 6333K, capacity 7152K, committed 7296K, reserved 1056768K
  class space    used 601K, capacity 616K, committed 640K, reserved 1048576K
}
Event: 17.306 GC heap before
{Heap before GC invocations=6 (full 0):
 PSYoungGen      total 51200K, used 51182K [0x00000000eab00000, 0x00000000f2300000, 0x0000000100000000)
  eden space 49152K, 100% used [0x00000000eab00000,0x00000000edb00000,0x00000000edb00000)
  from space 2048K, 99% used [0x00000000edb00000,0x00000000edcfb890,0x00000000edd00000)
  to   space 12288K, 0% used [0x00000000f1700000,0x00000000f1700000,0x00000000f2300000)
 ParOldGen       total 32768K, used 17486K [0x00000000c0000000, 0x00000000c2000000, 0x00000000eab00000)
  object space 32768K, 53% used [0x00000000c0000000,0x00000000c1113bb0,0x00000000c2000000)
 Metaspace       used 6354K, capacity 7152K, committed 7296K, reserved 1056768K
  class space    used 603K, capacity 616K, committed 640K, reserved 1048576K
Event: 17.379 GC heap after
Heap after GC invocations=6 (full 0):
 PSYoungGen      total 110080K, used 8085K [0x00000000eab00000, 0x00000000f2400000, 0x0000000100000000)
  eden space 97792K, 0% used [0x00000000eab00000,0x00000000eab00000,0x00000000f0a80000)
  from space 12288K, 65% used [0x00000000f1700000,0x00000000f1ee55b0,0x00000000f2300000)
  to   space 12800K, 0% used [0x00000000f0a80000,0x00000000f0a80000,0x00000000f1700000)
 ParOldGen       total 32768K, used 17486K [0x00000000c0000000, 0x00000000c2000000, 0x00000000eab00000)
  object space 32768K, 53% used [0x00000000c0000000,0x00000000c1113bb0,0x00000000c2000000)
 Metaspace       used 6354K, capacity 7152K, committed 7296K, reserved 1056768K
  class space    used 603K, capacity 616K, committed 640K, reserved 1048576K
}
Event: 25.107 GC heap before
{Heap before GC invocations=7 (full 0):
 PSYoungGen      total 110080K, used 105877K [0x00000000eab00000, 0x00000000f2400000, 0x0000000100000000)
  eden space 97792K, 100% used [0x00000000eab00000,0x00000000f0a80000,0x00000000f0a80000)
  from space 12288K, 65% used [0x00000000f1700000,0x00000000f1ee55b0,0x00000000f2300000)
  to   space 12800K, 0% used [0x00000000f0a80000,0x00000000f0a80000,0x00000000f1700000)
 ParOldGen       total 32768K, used 17486K [0x00000000c0000000, 0x00000000c2000000, 0x00000000eab00000)
  object space 32768K, 53% used [0x00000000c0000000,0x00000000c1113bb0,0x00000000c2000000)
 Metaspace       used 6436K, capacity 7216K, committed 7296K, reserved 1056768K
  class space    used 604K, capacity 616K, committed 640K, reserved 1048576K
Event: 25.250 GC heap after
Heap after GC invocations=7 (full 0):
 PSYoungGen      total 110592K, used 12793K [0x00000000eab00000, 0x00000000f9200000, 0x0000000100000000)
  eden space 97792K, 0% used [0x00000000eab00000,0x00000000eab00000,0x00000000f0a80000)
  from space 12800K, 99% used [0x00000000f0a80000,0x00000000f16fe7e8,0x00000000f1700000)
  to   space 20480K, 0% used [0x00000000f7e00000,0x00000000f7e00000,0x00000000f9200000)
 ParOldGen       total 32768K, used 28185K [0x00000000c0000000, 0x00000000c2000000, 0x00000000eab00000)
  object space 32768K, 86% used [0x00000000c0000000,0x00000000c1b86588,0x00000000c2000000)
 Metaspace       used 6436K, capacity 7216K, committed 7296K, reserved 1056768K
  class space    used 604K, capacity 616K, committed 640K, reserved 1048576K
}
Event: 25.250 GC heap before
{Heap before GC invocations=8 (full 1):
 PSYoungGen      total 110592K, used 12793K [0x00000000eab00000, 0x00000000f9200000, 0x0000000100000000)
  eden space 97792K, 0% used [0x00000000eab00000,0x00000000eab00000,0x00000000f0a80000)
  from space 12800K, 99% used [0x00000000f0a80000,0x00000000f16fe7e8,0x00000000f1700000)
  to   space 20480K, 0% used [0x00000000f7e00000,0x00000000f7e00000,0x00000000f9200000)
 ParOldGen       total 32768K, used 28185K [0x00000000c0000000, 0x00000000c2000000, 0x00000000eab00000)
  object space 32768K, 86% used [0x00000000c0000000,0x00000000c1b86588,0x00000000c2000000)
 Metaspace       used 6436K, capacity 7216K, committed 7296K, reserved 1056768K
  class space    used 604K, capacity 616K, committed 640K, reserved 1048576K
Event: 27.037 GC heap after
Heap after GC invocations=8 (full 1):
 PSYoungGen      total 110592K, used 6044K [0x00000000eab00000, 0x00000000f9200000, 0x0000000100000000)
  eden space 97792K, 0% used [0x00000000eab00000,0x00000000eab00000,0x00000000f0a80000)
  from space 12800K, 47% used [0x00000000f0a80000,0x00000000f10673a8,0x00000000f1700000)
  to   space 20480K, 0% used [0x00000000f7e00000,0x00000000f7e00000,0x00000000f9200000)
 ParOldGen       total 62976K, used 32274K [0x00000000c0000000, 0x00000000c3d80000, 0x00000000eab00000)
  object space 62976K, 51% used [0x00000000c0000000,0x00000000c1f84b58,0x00000000c3d80000)
 Metaspace       used 6436K, capacity 7216K, committed 7296K, reserved 1056768K
  class space    used 604K, capacity 616K, committed 640K, reserved 1048576K
}

Deoptimization events (10 events):
Event: 31.619 Thread 0x0000000001ebe000 Uncommon trap: reason=unloaded action=reinterpret pc=0x0000000002c39cf0 method=com.android.dx.cf.cst.ConstantPoolParser.parse0(ILjava/util/BitSet;)Lcom/android/dx/rop/cst/Constant; @ 176
Event: 31.988 Thread 0x0000000001ebe000 Uncommon trap: reason=class_check action=maybe_recompile pc=0x0000000002a85634 method=java.util.Arrays.hashCode([Ljava/lang/Object;)I @ 43
Event: 31.988 Thread 0x0000000001ebe000 Uncommon trap: reason=class_check action=maybe_recompile pc=0x0000000002a85634 method=java.util.Arrays.hashCode([Ljava/lang/Object;)I @ 43
Event: 31.988 Thread 0x0000000001ebe000 Uncommon trap: reason=class_check action=maybe_recompile pc=0x0000000002a85634 method=java.util.Arrays.hashCode([Ljava/lang/Object;)I @ 43
Event: 31.988 Thread 0x0000000001ebe000 Uncommon trap: reason=class_check action=maybe_recompile pc=0x0000000002a85634 method=java.util.Arrays.hashCode([Ljava/lang/Object;)I @ 43
Event: 31.988 Thread 0x0000000001ebe000 Uncommon trap: reason=class_check action=maybe_recompile pc=0x0000000002a84f30 method=java.util.Arrays.hashCode([Ljava/lang/Object;)I @ 43
Event: 32.055 Thread 0x0000000001ebe000 Uncommon trap: reason=unstable_if action=reinterpret pc=0x0000000002c8e5a0 method=java.util.HashMap.putVal(ILjava/lang/Object;Ljava/lang/Object;ZZ)Ljava/lang/Object; @ 94
Event: 32.055 Thread 0x0000000001ebe000 Uncommon trap: reason=unstable_if action=reinterpret pc=0x0000000002c37390 method=java.util.HashMap.putVal(ILjava/lang/Object;Ljava/lang/Object;ZZ)Ljava/lang/Object; @ 94
Event: 32.331 Thread 0x0000000001ebe000 Uncommon trap: reason=unstable_if action=reinterpret pc=0x0000000002dab5fc method=java.util.TreeMap.put(Ljava/lang/Object;Ljava/lang/Object;)Ljava/lang/Object; @ 163
Event: 32.586 Thread 0x0000000001ebe000 Uncommon trap: reason=unstable_if action=reinterpret pc=0x0000000002dc8648 method=java.util.ArrayList.<init>(I)V @ 5

Internal exceptions (5 events):
Event: 0.068 Thread 0x0000000001ebe000 Exception <a 'java/lang/NoSuchMethodError': Method sun.misc.Unsafe.defineClass(Ljava/lang/String;[BII)Ljava/lang/Class; name or signature does not match> (0x00000000eab0d7b8) thrown at [C:\re\workspace\8-2-build-windows-amd64-cygwin\jdk8u66\5298\hotspot\sr›V-C≠q±?
Event: 0.068 Thread 0x0000000001ebe000 Exception <a 'java/lang/NoSuchMethodError': Method sun.misc.Unsafe.prefetchRead(Ljava/lang/Object;J)V name or signature does not match> (0x00000000eab0daa0) thrown at [C:\re\workspace\8-2-build-windows-amd64-cygwin\jdk8u66\5298\hotspot\src\share\vm\prims\j(d‹4≠@
Event: 3.757 Thread 0x00000000561e1000 Implicit null exception at 0x00000000028b9e12 to 0x00000000028b9eb1
Event: 16.800 Thread 0x000000005612a000 Implicit null exception at 0x0000000002e8f375 to 0x0000000002e930d1
Event: 17.604 Thread 0x00000000560f5800 Implicit null exception at 0x000000000296068a to 0x0000000002962691

Events (10 events):
Event: 32.586 loading class com/android/dx/dex/file/DebugInfoEncoder$1
Event: 32.586 loading class com/android/dx/dex/file/DebugInfoEncoder$1 done
Event: 32.587 loading class com/android/dx/dex/file/DebugInfoEncoder$2
Event: 32.587 loading class com/android/dx/dex/file/DebugInfoEncoder$2 done
Event: 32.602 loading class com/android/dex/EncodedValueCodec
Event: 32.602 loading class com/android/dex/EncodedValueCodec done
Event: 32.631 loading class com/android/dx/dex/file/MapItem
Event: 32.631 loading class com/android/dx/dex/file/MapItem done
Event: 32.639 loading class com/android/dex/DexFormat
Event: 32.639 loading class com/android/dex/DexFormat done


Dynamic libraries:
0x000000013ff40000 - 0x000000013ff77000 	C:\Program Files\Java\jdk1.8.0_66\bin\java.exe
0x0000000077430000 - 0x00000000775da000 	C:\Windows\SYSTEM32\ntdll.dll
0x0000000077310000 - 0x000000007742f000 	C:\Windows\system32\kernel32.dll
0x000007fefd380000 - 0x000007fefd3eb000 	C:\Windows\system32\KERNELBASE.dll
0x000007fefdea0000 - 0x000007fefdf7b000 	C:\Windows\system32\ADVAPI32.dll
0x000007fefdde0000 - 0x000007fefde7f000 	C:\Windows\system32\msvcrt.dll
0x000007fefde80000 - 0x000007fefde9f000 	C:\Windows\SYSTEM32\sechost.dll
0x000007feff610000 - 0x000007feff73d000 	C:\Windows\system32\RPCRT4.dll
0x0000000077210000 - 0x000000007730a000 	C:\Windows\system32\USER32.dll
0x000007feff2c0000 - 0x000007feff327000 	C:\Windows\system32\GDI32.dll
0x000007feff2b0000 - 0x000007feff2be000 	C:\Windows\system32\LPK.dll
0x000007fefdac0000 - 0x000007fefdb8a000 	C:\Windows\system32\USP10.dll
0x000007fefbaf0000 - 0x000007fefbce4000 	C:\Windows\WinSxS\amd64_microsoft.windows.common-controls_6595b64144ccf1df_6.0.7601.18837_none_fa3b1e3d17594757\COMCTL32.dll
0x000007fefda40000 - 0x000007fefdab1000 	C:\Windows\system32\SHLWAPI.dll
0x000007fefd750000 - 0x000007fefd77e000 	C:\Windows\system32\IMM32.DLL
0x000007fefdb90000 - 0x000007fefdc99000 	C:\Windows\system32\MSCTF.dll
0x000000006c610000 - 0x000000006c6e2000 	C:\Program Files\Java\jdk1.8.0_66\jre\bin\msvcr100.dll
0x000000006cea0000 - 0x000000006d729000 	C:\Program Files\Java\jdk1.8.0_66\jre\bin\server\jvm.dll
0x000007fef98b0000 - 0x000007fef98b9000 	C:\Windows\system32\WSOCK32.dll
0x000007fefd780000 - 0x000007fefd7cd000 	C:\Windows\system32\WS2_32.dll
0x000007feff330000 - 0x000007feff338000 	C:\Windows\system32\NSI.dll
0x000007fef91f0000 - 0x000007fef922b000 	C:\Windows\system32\WINMM.dll
0x000007fefc350000 - 0x000007fefc35c000 	C:\Windows\system32\VERSION.dll
0x00000000775f0000 - 0x00000000775f7000 	C:\Windows\system32\PSAPI.DLL
0x0000000074120000 - 0x000000007412f000 	C:\Program Files\Java\jdk1.8.0_66\jre\bin\verify.dll
0x00000000740f0000 - 0x0000000074119000 	C:\Program Files\Java\jdk1.8.0_66\jre\bin\java.dll
0x00000000740d0000 - 0x00000000740e6000 	C:\Program Files\Java\jdk1.8.0_66\jre\bin\zip.dll
0x000007fefe4a0000 - 0x000007feff22a000 	C:\Windows\system32\SHELL32.dll
0x000007fefdf80000 - 0x000007fefe183000 	C:\Windows\system32\ole32.dll
0x000007fefd1c0000 - 0x000007fefd1cf000 	C:\Windows\system32\profapi.dll
0x000007fef8250000 - 0x000007fef8375000 	C:\Windows\system32\dbghelp.dll

VM Arguments:
jvm_args: -Djava.awt.headless=true -Xmx1024M -Dfile.encoding=windows-1252 -Duser.country=US -Duser.language=en -Duser.variant 
java_command: com.android.dx.command.Main --dex --num-threads=4 --output C:\Users\Xavier Lau\Desktop\WaterWorld\app\build\intermediates\pre-dexed\debug\com.google.android.gms-play-services-games-8.4.0_65810417935a8963bd749eb053713d0edb0bd3ca.jar C:\Users\Xavier Lau\Desktop\WaterWorld\app\build\intermediates\exploded-aar\com.google.android.gms\play-services-games\8.4.0\jars\classes.jar
java_class_path (initial): C:\Android\sdk\build-tools\23.0.2\lib\dx.jar
Launcher Type: SUN_STANDARD

Environment Variables:
PATH=C:\app\client\Xavier Lau\product\12.1.0\client_2;C:\app\client\Xavier Lau\product\12.1.0\client_2\bin;C:\app\client\Xavier Lau\product\12.1.0\client_1;C:\app\client\Xavier Lau\product\12.1.0\client_1\bin;C:\Program Files (x86)\NVIDIA Corporation\PhysX\Common;C:\ProgramData\Oracle\Java\javapath;C:\Windows\system32;C:\Windows;C:\Windows\System32\Wbem;C:\Windows\System32\WindowsPowerShell\v1.0\;C:\Program Files (x86)\Skype\Phone\;C:\Windows\system32\config\systemprofile\.dnx\bin;C:\Program Files\Microsoft DNX\Dnvm\;C:\Windows\Microsoft.NET\Framework\v4.0.30319;C:\Program Files\Microsoft SQL Server\120\Tools\Binn\;C:\Program Files (x86)\Windows Kits\10\Windows Performance Toolkit\;C:\Program Files (x86)\nodejs\;C:\Program Files\Git\cmd;C:\Windows\System32\WindowsPowerShell\v1.0\; C:\cygwin64\bin;C:\Users\Xavier Lau\AppData\Roaming\npm
USERNAME=Xavier Lau
OS=Windows_NT
PROCESSOR_IDENTIFIER=Intel64 Family 6 Model 15 Stepping 6, GenuineIntel



---------------  S Y S T E M  ---------------

OS: Windows 7 , 64 bit Build 7601 (6.1.7601.19160)

CPU:total 2 (2 cores per cpu, 1 threads per core) family 6 model 15 stepping 6, cmov, cx8, fxsr, mmx, sse, sse2, sse3, ssse3, tsc

Memory: 4k page, physical 3144184k(108772k free), swap 6286532k(1160524k free)

vm_info: Java HotSpot(TM) 64-Bit Server VM (25.66-b18) for windows-amd64 JRE (1.8.0_66-b18), built on Nov  9 2015 10:51:13 by "java_re" with MS VC++ 10.0 (VS2010)

time: Sat Mar 26 17:53:09 2016
elapsed time: 36 seconds (0d 0h 0m 36s)

